Using pre-set license
Built from '2022.3/staging' branch; Version is '2022.3.4f1 (35713cd46cd7) revision 3502396'; Using compiler version '192829333'; Build Type 'Release'
OS: 'Windows 10  (10.0.19045) 64bit Professional' Language: 'en' Physical Memory: 32605 MB
BatchMode: 1, IsHumanControllingUs: 0, StartBugReporterOnCrash: 0, Is64bit: 1, IsPro: 1

COMMAND LINE ARGUMENTS:
C:\Program Files\Unity\Hub\Editor\2022.3.4f1\Editor\Unity.exe
-adb2
-batchMode
-noUpm
-name
AssetImportWorker2
-projectPath
C:/Users/megaz/Documents/MyFirstGameJamSummer2023
-logFile
Logs/AssetImportWorker2.log
-srvPort
55913
Successfully changed project path to: C:/Users/megaz/Documents/MyFirstGameJamSummer2023
C:/Users/megaz/Documents/MyFirstGameJamSummer2023
[UnityMemory] Configuration Parameters - Can be set up in boot.config
    "memorysetup-bucket-allocator-granularity=16"
    "memorysetup-bucket-allocator-bucket-count=8"
    "memorysetup-bucket-allocator-block-size=33554432"
    "memorysetup-bucket-allocator-block-count=8"
    "memorysetup-main-allocator-block-size=16777216"
    "memorysetup-thread-allocator-block-size=16777216"
    "memorysetup-gfx-main-allocator-block-size=16777216"
    "memorysetup-gfx-thread-allocator-block-size=16777216"
    "memorysetup-cache-allocator-block-size=4194304"
    "memorysetup-typetree-allocator-block-size=2097152"
    "memorysetup-profiler-bucket-allocator-granularity=16"
    "memorysetup-profiler-bucket-allocator-bucket-count=8"
    "memorysetup-profiler-bucket-allocator-block-size=33554432"
    "memorysetup-profiler-bucket-allocator-block-count=8"
    "memorysetup-profiler-allocator-block-size=16777216"
    "memorysetup-profiler-editor-allocator-block-size=1048576"
    "memorysetup-temp-allocator-size-main=16777216"
    "memorysetup-job-temp-allocator-block-size=2097152"
    "memorysetup-job-temp-allocator-block-size-background=1048576"
    "memorysetup-job-temp-allocator-reduction-small-platforms=262144"
    "memorysetup-allocator-temp-initial-block-size-main=262144"
    "memorysetup-allocator-temp-initial-block-size-worker=262144"
    "memorysetup-temp-allocator-size-background-worker=32768"
    "memorysetup-temp-allocator-size-job-worker=262144"
    "memorysetup-temp-allocator-size-preload-manager=33554432"
    "memorysetup-temp-allocator-size-nav-mesh-worker=65536"
    "memorysetup-temp-allocator-size-audio-worker=65536"
    "memorysetup-temp-allocator-size-cloud-worker=32768"
    "memorysetup-temp-allocator-size-gi-baking-worker=262144"
    "memorysetup-temp-allocator-size-gfx=262144"
Player connection [39768] Host "[IP] 172.16.2.207 [Port] 0 [Flags] 2 [Guid] 1260934897 [EditorId] 1260934897 [Version] 1048832 [Id] WindowsEditor(7,DESKTOP-CVM5PAE) [Debug] 1 [PackageName] WindowsEditor [ProjectName] Editor" joined multi-casting on [225.0.0.222:54997]...

Player connection [39768] Host "[IP] 172.16.2.207 [Port] 0 [Flags] 2 [Guid] 1260934897 [EditorId] 1260934897 [Version] 1048832 [Id] WindowsEditor(7,DESKTOP-CVM5PAE) [Debug] 1 [PackageName] WindowsEditor [ProjectName] Editor" joined alternative multi-casting on [225.0.0.222:34997]...

Refreshing native plugins compatible for Editor in 10.38 ms, found 4 plugins.
Preloading 0 native plugins for Editor in 0.00 ms.
Initialize engine version: 2022.3.4f1 (35713cd46cd7)
[Subsystems] Discovering subsystems at path C:/Program Files/Unity/Hub/Editor/2022.3.4f1/Editor/Data/Resources/UnitySubsystems
[Subsystems] Discovering subsystems at path C:/Users/megaz/Documents/MyFirstGameJamSummer2023/Assets
GfxDevice: creating device client; threaded=0; jobified=0
Direct3D:
    Version:  Direct3D 11.0 [level 11.1]
    Renderer: NVIDIA GeForce RTX 2080 Ti (ID=0x1e04)
    Vendor:   NVIDIA
    VRAM:     11041 MB
    Driver:   31.0.15.3623
Initialize mono
Mono path[0] = 'C:/Program Files/Unity/Hub/Editor/2022.3.4f1/Editor/Data/Managed'
Mono path[1] = 'C:/Program Files/Unity/Hub/Editor/2022.3.4f1/Editor/Data/MonoBleedingEdge/lib/mono/unityjit-win32'
Mono config path = 'C:/Program Files/Unity/Hub/Editor/2022.3.4f1/Editor/Data/MonoBleedingEdge/etc'
Using monoOptions --debugger-agent=transport=dt_socket,embedding=1,server=y,suspend=n,address=127.0.0.1:56172
Begin MonoManager ReloadAssembly
Registering precompiled unity dll's ...
Register platform support module: C:/Program Files/Unity/Hub/Editor/2022.3.4f1/Editor/Data/PlaybackEngines/WebGLSupport/UnityEditor.WebGL.Extensions.dll
Register platform support module: C:/Program Files/Unity/Hub/Editor/2022.3.4f1/Editor/Data/PlaybackEngines/AndroidPlayer/UnityEditor.Android.Extensions.dll
Register platform support module: C:/Program Files/Unity/Hub/Editor/2022.3.4f1/Editor/Data/PlaybackEngines/WindowsStandaloneSupport/UnityEditor.WindowsStandalone.Extensions.dll
Registered in 0.008635 seconds.
- Loaded All Assemblies, in  0.283 seconds
Native extension for WindowsStandalone target not found
Native extension for Android target not found
Android Extension - Scanning For ADB Devices 222 ms
Native extension for WebGL target not found
Mono: successfully reloaded assembly
- Finished resetting the current domain, in  0.489 seconds
Domain Reload Profiling: 770ms
	BeginReloadAssembly (73ms)
		ExecutionOrderSort (0ms)
		DisableScriptedObjects (0ms)
		BackupInstance (0ms)
		ReleaseScriptingObjects (0ms)
		CreateAndSetChildDomain (1ms)
	RebuildCommonClasses (27ms)
	RebuildNativeTypeToScriptingClass (8ms)
	initialDomainReloadingComplete (51ms)
	LoadAllAssembliesAndSetupDomain (122ms)
		LoadAssemblies (71ms)
		RebuildTransferFunctionScriptingTraits (0ms)
		AnalyzeDomain (117ms)
			TypeCache.Refresh (117ms)
				TypeCache.ScanAssembly (108ms)
			ScanForSourceGeneratedMonoScriptInfo (0ms)
			ResolveRequiredComponents (0ms)
	FinalizeReload (489ms)
		ReleaseScriptCaches (0ms)
		RebuildScriptCaches (0ms)
		SetupLoadedEditorAssemblies (444ms)
			LogAssemblyErrors (0ms)
			InitializePlatformSupportModulesInManaged (325ms)
			SetLoadedEditorAssemblies (3ms)
			RefreshPlugins (0ms)
			BeforeProcessingInitializeOnLoad (2ms)
			ProcessInitializeOnLoadAttributes (78ms)
			ProcessInitializeOnLoadMethodAttributes (37ms)
			AfterProcessingInitializeOnLoad (0ms)
			EditorAssembliesLoaded (0ms)
		ExecutionOrderSort2 (0ms)
		AwakeInstancesAfterBackupRestoration (0ms)
========================================================================
Worker process is ready to serve import requests
Begin MonoManager ReloadAssembly
Symbol file LoadedFromMemory doesn't match image C:\Users\megaz\Documents\MyFirstGameJamSummer2023\Library\PackageCache\com.unity.visualscripting@1.8.0\Editor\VisualScripting.Core\Dependencies\YamlDotNet\Unity.VisualScripting.YamlDotNet.dll
Symbol file LoadedFromMemory doesn't match image C:\Users\megaz\Documents\MyFirstGameJamSummer2023\Library\PackageCache\com.unity.visualscripting@1.8.0\Editor\VisualScripting.Core\Dependencies\DotNetZip\Unity.VisualScripting.IonicZip.dll
- Loaded All Assemblies, in  0.667 seconds
Refreshing native plugins compatible for Editor in 4.22 ms, found 4 plugins.
Native extension for WindowsStandalone target not found
Native extension for Android target not found
Native extension for WebGL target not found
Mono: successfully reloaded assembly
- Finished resetting the current domain, in  0.519 seconds
Domain Reload Profiling: 1182ms
	BeginReloadAssembly (108ms)
		ExecutionOrderSort (0ms)
		DisableScriptedObjects (4ms)
		BackupInstance (0ms)
		ReleaseScriptingObjects (0ms)
		CreateAndSetChildDomain (18ms)
	RebuildCommonClasses (25ms)
	RebuildNativeTypeToScriptingClass (8ms)
	initialDomainReloadingComplete (36ms)
	LoadAllAssembliesAndSetupDomain (486ms)
		LoadAssemblies (267ms)
		RebuildTransferFunctionScriptingTraits (0ms)
		AnalyzeDomain (269ms)
			TypeCache.Refresh (240ms)
				TypeCache.ScanAssembly (228ms)
			ScanForSourceGeneratedMonoScriptInfo (22ms)
			ResolveRequiredComponents (7ms)
	FinalizeReload (519ms)
		ReleaseScriptCaches (0ms)
		RebuildScriptCaches (0ms)
		SetupLoadedEditorAssemblies (372ms)
			LogAssemblyErrors (0ms)
			InitializePlatformSupportModulesInManaged (21ms)
			SetLoadedEditorAssemblies (4ms)
			RefreshPlugins (0ms)
			BeforeProcessingInitializeOnLoad (66ms)
			ProcessInitializeOnLoadAttributes (208ms)
			ProcessInitializeOnLoadMethodAttributes (67ms)
			AfterProcessingInitializeOnLoad (6ms)
			EditorAssembliesLoaded (0ms)
		ExecutionOrderSort2 (0ms)
		AwakeInstancesAfterBackupRestoration (5ms)
Launched and connected shader compiler UnityShaderCompiler.exe after 0.04 seconds
Refreshing native plugins compatible for Editor in 3.76 ms, found 4 plugins.
Preloading 0 native plugins for Editor in 0.00 ms.
Unloading 5657 Unused Serialized files (Serialized files now loaded: 0)
Unloading 90 unused Assets / (0.5 MB). Loaded Objects now: 6118.
Memory consumption went from 224.8 MB to 224.2 MB.
Total: 3.171400 ms (FindLiveObjects: 0.348200 ms CreateObjectMapping: 0.223200 ms MarkObjects: 2.356500 ms  DeleteObjects: 0.242900 ms)

AssetImportParameters requested are different than current active one (requested -> active):
  custom:container-demuxer-ogg: 62fdf1f143b41e24485cea50d1cbac27 -> 
  custom:video-codec-MediaFoundation-h265: e54d7ab0439102e2317fc1e4b246158d -> 
  custom:video-decoder-ogg-theora: a1e56fd34408186e4bbccfd4996cb3dc -> 
  custom:framework-win-MediaFoundation: 216162199b28c13a410421893ffa2e32 -> 
  custom:CustomObjectIndexerAttribute: a3ef5dd2817f97addfee359851a9dba5 -> 
  custom:container-demuxer-webm: 4f35f7cbe854078d1ac9338744f61a02 -> 
  custom:container-muxer-webm: aa71ff27fc2769a1b78a27578f13a17b -> 
  custom:video-decoder-webm-vp8: 9c59270c3fd7afecdb556c50c9e8de78 -> 
  custom:AudioImporter_EditorPlatform: d09bf68614088b80899f8185d706f6e7 -> 
  custom:video-encoder-webm-vp8: eb34c28f22e8b96e1ab97ce403110664 -> 
  custom:audio-decoder-ogg-vorbis: bf7c407c2cedff20999df2af8eb42d56 -> 
  custom:audio-encoder-webm-vorbis: bf7c407c2cedff20999df2af8eb42d56 -> 
========================================================================
Received Import Request.
  Time since last request: 1364152.432133 seconds.
  path: Assets/Sprites/UI/Numbers/7.png
  artifactKey: Guid(417628627ffb76d41befe73efad915a1) Importer(815301076,1909f56bfc062723c751e8b465ee728b)
Start importing Assets/Sprites/UI/Numbers/7.png using Guid(417628627ffb76d41befe73efad915a1) Importer(815301076,1909f56bfc062723c751e8b465ee728b)  -> (artifact id: 'c58666842262138a0aab66832a6ce5fd') in 0.012667 seconds
Number of updated asset objects reloaded before import = 0
Number of asset objects unloaded after import = 2
========================================================================
Received Import Request.
  Time since last request: 224.178304 seconds.
  path: Assets/Sprites/slice_three.png
  artifactKey: Guid(076872432519cac4ab39a2dd3aa057dc) Importer(815301076,1909f56bfc062723c751e8b465ee728b)
Start importing Assets/Sprites/slice_three.png using Guid(076872432519cac4ab39a2dd3aa057dc) Importer(815301076,1909f56bfc062723c751e8b465ee728b)  -> (artifact id: 'beb163b703789051d26f5beae6f627b5') in 0.004836 seconds
Number of updated asset objects reloaded before import = 0
Number of asset objects unloaded after import = 2
========================================================================
Received Import Request.
  Time since last request: 117.447661 seconds.
  path: Assets/Sprites/slice_three.png
  artifactKey: Guid(076872432519cac4ab39a2dd3aa057dc) Importer(815301076,1909f56bfc062723c751e8b465ee728b)
Start importing Assets/Sprites/slice_three.png using Guid(076872432519cac4ab39a2dd3aa057dc) Importer(815301076,1909f56bfc062723c751e8b465ee728b)  -> (artifact id: 'eb246d31e32ee6098870e57ed3e92ea0') in 0.003192 seconds
Number of updated asset objects reloaded before import = 0
Number of asset objects unloaded after import = 2
========================================================================
Received Import Request.
  Time since last request: 132.775306 seconds.
  path: Assets/Prefabs/Segment.prefab
  artifactKey: Guid(286d8b0b3cfcee049b8d62130bfb2804) Importer(815301076,1909f56bfc062723c751e8b465ee728b)
Start importing Assets/Prefabs/Segment.prefab using Guid(286d8b0b3cfcee049b8d62130bfb2804) Importer(815301076,1909f56bfc062723c751e8b465ee728b)  -> (artifact id: '0d4ab849e2bd7a7d3d65649c84b0ba6d') in 0.006378 seconds
Number of updated asset objects reloaded before import = 0
Number of asset objects unloaded after import = 34
========================================================================
Received Prepare
Begin MonoManager ReloadAssembly
Symbol file LoadedFromMemory doesn't match image C:\Users\megaz\Documents\MyFirstGameJamSummer2023\Library\PackageCache\com.unity.visualscripting@1.8.0\Editor\VisualScripting.Core\Dependencies\YamlDotNet\Unity.VisualScripting.YamlDotNet.dll
Symbol file LoadedFromMemory doesn't match image C:\Users\megaz\Documents\MyFirstGameJamSummer2023\Library\PackageCache\com.unity.visualscripting@1.8.0\Editor\VisualScripting.Core\Dependencies\DotNetZip\Unity.VisualScripting.IonicZip.dll
- Loaded All Assemblies, in  0.622 seconds
Refreshing native plugins compatible for Editor in 3.39 ms, found 4 plugins.
Native extension for WindowsStandalone target not found
Native extension for Android target not found
Native extension for WebGL target not found
Mono: successfully reloaded assembly
- Finished resetting the current domain, in  0.951 seconds
Domain Reload Profiling: 1568ms
	BeginReloadAssembly (124ms)
		ExecutionOrderSort (0ms)
		DisableScriptedObjects (10ms)
		BackupInstance (0ms)
		ReleaseScriptingObjects (0ms)
		CreateAndSetChildDomain (35ms)
	RebuildCommonClasses (27ms)
	RebuildNativeTypeToScriptingClass (9ms)
	initialDomainReloadingComplete (26ms)
	LoadAllAssembliesAndSetupDomain (431ms)
		LoadAssemblies (229ms)
		RebuildTransferFunctionScriptingTraits (0ms)
		AnalyzeDomain (246ms)
			TypeCache.Refresh (238ms)
				TypeCache.ScanAssembly (226ms)
			ScanForSourceGeneratedMonoScriptInfo (0ms)
			ResolveRequiredComponents (7ms)
	FinalizeReload (951ms)
		ReleaseScriptCaches (0ms)
		RebuildScriptCaches (0ms)
		SetupLoadedEditorAssemblies (362ms)
			LogAssemblyErrors (0ms)
			InitializePlatformSupportModulesInManaged (23ms)
			SetLoadedEditorAssemblies (5ms)
			RefreshPlugins (0ms)
			BeforeProcessingInitializeOnLoad (72ms)
			ProcessInitializeOnLoadAttributes (194ms)
			ProcessInitializeOnLoadMethodAttributes (62ms)
			AfterProcessingInitializeOnLoad (7ms)
			EditorAssembliesLoaded (0ms)
		ExecutionOrderSort2 (0ms)
		AwakeInstancesAfterBackupRestoration (13ms)
Refreshing native plugins compatible for Editor in 3.90 ms, found 4 plugins.
Preloading 0 native plugins for Editor in 0.00 ms.
Unloading 5496 Unused Serialized files (Serialized files now loaded: 0)
Unloading 53 unused Assets / (505.3 KB). Loaded Objects now: 6125.
Memory consumption went from 195.9 MB to 195.4 MB.
Total: 3.389300 ms (FindLiveObjects: 0.376500 ms CreateObjectMapping: 0.431500 ms MarkObjects: 2.358500 ms  DeleteObjects: 0.221700 ms)

Prepare: number of updated asset objects reloaded= 0
AssetImportParameters requested are different than current active one (requested -> active):
  custom:container-demuxer-ogg: 62fdf1f143b41e24485cea50d1cbac27 -> 
  custom:video-codec-MediaFoundation-h265: e54d7ab0439102e2317fc1e4b246158d -> 
  custom:video-decoder-ogg-theora: a1e56fd34408186e4bbccfd4996cb3dc -> 
  custom:framework-win-MediaFoundation: 216162199b28c13a410421893ffa2e32 -> 
  custom:CustomObjectIndexerAttribute: a3ef5dd2817f97addfee359851a9dba5 -> 
  custom:container-demuxer-webm: 4f35f7cbe854078d1ac9338744f61a02 -> 
  custom:container-muxer-webm: aa71ff27fc2769a1b78a27578f13a17b -> 
  custom:video-decoder-webm-vp8: 9c59270c3fd7afecdb556c50c9e8de78 -> 
  custom:AudioImporter_EditorPlatform: d09bf68614088b80899f8185d706f6e7 -> 
  custom:video-encoder-webm-vp8: eb34c28f22e8b96e1ab97ce403110664 -> 
  custom:audio-decoder-ogg-vorbis: bf7c407c2cedff20999df2af8eb42d56 -> 
  custom:audio-encoder-webm-vorbis: bf7c407c2cedff20999df2af8eb42d56 -> 
========================================================================
Received Import Request.
  Time since last request: 2911.977752 seconds.
  path: Assets/Scripts/Segment.cs
  artifactKey: Guid(80c16a9c144f119418ec957a1f79d207) Importer(815301076,1909f56bfc062723c751e8b465ee728b)
Start importing Assets/Scripts/Segment.cs using Guid(80c16a9c144f119418ec957a1f79d207) Importer(815301076,1909f56bfc062723c751e8b465ee728b)  -> (artifact id: 'bc9485196a8feaa77345b1c65d582dbb') in 0.005873 seconds
Number of updated asset objects reloaded before import = 0
Number of asset objects unloaded after import = 0
========================================================================
Received Import Request.
  Time since last request: 25.518138 seconds.
  path: Assets/Scripts/Segment.cs
  artifactKey: Guid(80c16a9c144f119418ec957a1f79d207) Importer(815301076,1909f56bfc062723c751e8b465ee728b)
Start importing Assets/Scripts/Segment.cs using Guid(80c16a9c144f119418ec957a1f79d207) Importer(815301076,1909f56bfc062723c751e8b465ee728b)  -> (artifact id: '416dbd1ff16da7a609fb2edb12a52609') in 0.000583 seconds
Number of updated asset objects reloaded before import = 0
Number of asset objects unloaded after import = 0
========================================================================
Received Prepare
Begin MonoManager ReloadAssembly
Symbol file LoadedFromMemory doesn't match image C:\Users\megaz\Documents\MyFirstGameJamSummer2023\Library\PackageCache\com.unity.visualscripting@1.8.0\Editor\VisualScripting.Core\Dependencies\YamlDotNet\Unity.VisualScripting.YamlDotNet.dll
Symbol file LoadedFromMemory doesn't match image C:\Users\megaz\Documents\MyFirstGameJamSummer2023\Library\PackageCache\com.unity.visualscripting@1.8.0\Editor\VisualScripting.Core\Dependencies\DotNetZip\Unity.VisualScripting.IonicZip.dll
- Loaded All Assemblies, in  0.596 seconds
Refreshing native plugins compatible for Editor in 4.42 ms, found 4 plugins.
Native extension for WindowsStandalone target not found
Native extension for Android target not found
Native extension for WebGL target not found
Mono: successfully reloaded assembly
- Finished resetting the current domain, in  0.897 seconds
Domain Reload Profiling: 1489ms
	BeginReloadAssembly (131ms)
		ExecutionOrderSort (0ms)
		DisableScriptedObjects (9ms)
		BackupInstance (0ms)
		ReleaseScriptingObjects (0ms)
		CreateAndSetChildDomain (37ms)
	RebuildCommonClasses (25ms)
	RebuildNativeTypeToScriptingClass (9ms)
	initialDomainReloadingComplete (25ms)
	LoadAllAssembliesAndSetupDomain (403ms)
		LoadAssemblies (223ms)
		RebuildTransferFunctionScriptingTraits (0ms)
		AnalyzeDomain (228ms)
			TypeCache.Refresh (216ms)
				TypeCache.ScanAssembly (207ms)
			ScanForSourceGeneratedMonoScriptInfo (5ms)
			ResolveRequiredComponents (8ms)
	FinalizeReload (897ms)
		ReleaseScriptCaches (0ms)
		RebuildScriptCaches (0ms)
		SetupLoadedEditorAssemblies (330ms)
			LogAssemblyErrors (0ms)
			InitializePlatformSupportModulesInManaged (21ms)
			SetLoadedEditorAssemblies (4ms)
			RefreshPlugins (0ms)
			BeforeProcessingInitializeOnLoad (69ms)
			ProcessInitializeOnLoadAttributes (173ms)
			ProcessInitializeOnLoadMethodAttributes (58ms)
			AfterProcessingInitializeOnLoad (6ms)
			EditorAssembliesLoaded (0ms)
		ExecutionOrderSort2 (0ms)
		AwakeInstancesAfterBackupRestoration (13ms)
Refreshing native plugins compatible for Editor in 3.96 ms, found 4 plugins.
Preloading 0 native plugins for Editor in 0.00 ms.
Unloading 5496 Unused Serialized files (Serialized files now loaded: 0)
Unloading 53 unused Assets / (505.4 KB). Loaded Objects now: 6130.
Memory consumption went from 195.9 MB to 195.4 MB.
Total: 2.811300 ms (FindLiveObjects: 0.302500 ms CreateObjectMapping: 0.175800 ms MarkObjects: 2.111200 ms  DeleteObjects: 0.220900 ms)

Prepare: number of updated asset objects reloaded= 0
AssetImportParameters requested are different than current active one (requested -> active):
  custom:container-demuxer-ogg: 62fdf1f143b41e24485cea50d1cbac27 -> 
  custom:video-codec-MediaFoundation-h265: e54d7ab0439102e2317fc1e4b246158d -> 
  custom:video-decoder-ogg-theora: a1e56fd34408186e4bbccfd4996cb3dc -> 
  custom:framework-win-MediaFoundation: 216162199b28c13a410421893ffa2e32 -> 
  custom:CustomObjectIndexerAttribute: a3ef5dd2817f97addfee359851a9dba5 -> 
  custom:container-demuxer-webm: 4f35f7cbe854078d1ac9338744f61a02 -> 
  custom:container-muxer-webm: aa71ff27fc2769a1b78a27578f13a17b -> 
  custom:video-decoder-webm-vp8: 9c59270c3fd7afecdb556c50c9e8de78 -> 
  custom:AudioImporter_EditorPlatform: d09bf68614088b80899f8185d706f6e7 -> 
  custom:video-encoder-webm-vp8: eb34c28f22e8b96e1ab97ce403110664 -> 
  custom:audio-decoder-ogg-vorbis: bf7c407c2cedff20999df2af8eb42d56 -> 
  custom:audio-encoder-webm-vorbis: bf7c407c2cedff20999df2af8eb42d56 -> 
========================================================================
Received Import Request.
  Time since last request: 112.531763 seconds.
  path: Assets/Scripts/Segment.cs
  artifactKey: Guid(80c16a9c144f119418ec957a1f79d207) Importer(815301076,1909f56bfc062723c751e8b465ee728b)
Start importing Assets/Scripts/Segment.cs using Guid(80c16a9c144f119418ec957a1f79d207) Importer(815301076,1909f56bfc062723c751e8b465ee728b)  -> (artifact id: '6af2d131a26b4be6ecb1e64fb275bd76') in 0.004772 seconds
Number of updated asset objects reloaded before import = 0
Number of asset objects unloaded after import = 0
========================================================================
Received Import Request.
  Time since last request: 45.905955 seconds.
  path: Assets/Scripts/Segment.cs
  artifactKey: Guid(80c16a9c144f119418ec957a1f79d207) Importer(815301076,1909f56bfc062723c751e8b465ee728b)
Start importing Assets/Scripts/Segment.cs using Guid(80c16a9c144f119418ec957a1f79d207) Importer(815301076,1909f56bfc062723c751e8b465ee728b)  -> (artifact id: '296ef7c806b462819a55658b7354325b') in 0.000451 seconds
Number of updated asset objects reloaded before import = 0
Number of asset objects unloaded after import = 0
========================================================================
Received Import Request.
  Time since last request: 8.833912 seconds.
  path: Assets/Scripts/Segment.cs
  artifactKey: Guid(80c16a9c144f119418ec957a1f79d207) Importer(815301076,1909f56bfc062723c751e8b465ee728b)
Start importing Assets/Scripts/Segment.cs using Guid(80c16a9c144f119418ec957a1f79d207) Importer(815301076,1909f56bfc062723c751e8b465ee728b)  -> (artifact id: '45d2d98ec334a978d816fdf5dbd932fd') in 0.000504 seconds
Number of updated asset objects reloaded before import = 0
Number of asset objects unloaded after import = 0
========================================================================
Received Import Request.
  Time since last request: 14.103456 seconds.
  path: Assets/Scripts/Segment.cs
  artifactKey: Guid(80c16a9c144f119418ec957a1f79d207) Importer(815301076,1909f56bfc062723c751e8b465ee728b)
Start importing Assets/Scripts/Segment.cs using Guid(80c16a9c144f119418ec957a1f79d207) Importer(815301076,1909f56bfc062723c751e8b465ee728b)  -> (artifact id: 'd034e1f907ef55958db9610cceeb3832') in 0.000543 seconds
Number of updated asset objects reloaded before import = 0
Number of asset objects unloaded after import = 0
========================================================================
Received Import Request.
  Time since last request: 6.000189 seconds.
  path: Assets/Scripts/Segment.cs
  artifactKey: Guid(80c16a9c144f119418ec957a1f79d207) Importer(815301076,1909f56bfc062723c751e8b465ee728b)
Start importing Assets/Scripts/Segment.cs using Guid(80c16a9c144f119418ec957a1f79d207) Importer(815301076,1909f56bfc062723c751e8b465ee728b)  -> (artifact id: 'a8c545096b672c9ed1388df13844cea6') in 0.000534 seconds
Number of updated asset objects reloaded before import = 0
Number of asset objects unloaded after import = 0
========================================================================
Received Import Request.
  Time since last request: 8.973661 seconds.
  path: Assets/Scripts/Segment.cs
  artifactKey: Guid(80c16a9c144f119418ec957a1f79d207) Importer(815301076,1909f56bfc062723c751e8b465ee728b)
Start importing Assets/Scripts/Segment.cs using Guid(80c16a9c144f119418ec957a1f79d207) Importer(815301076,1909f56bfc062723c751e8b465ee728b)  -> (artifact id: '41a003ccdf1aecb6d02cdac2285c52c6') in 0.000462 seconds
Number of updated asset objects reloaded before import = 0
Number of asset objects unloaded after import = 0
========================================================================
Received Import Request.
  Time since last request: 33.434611 seconds.
  path: Assets/Scripts/Segment.cs
  artifactKey: Guid(80c16a9c144f119418ec957a1f79d207) Importer(815301076,1909f56bfc062723c751e8b465ee728b)
Start importing Assets/Scripts/Segment.cs using Guid(80c16a9c144f119418ec957a1f79d207) Importer(815301076,1909f56bfc062723c751e8b465ee728b)  -> (artifact id: '858a1d956b152c8834d360e28f24387e') in 0.000665 seconds
Number of updated asset objects reloaded before import = 0
Number of asset objects unloaded after import = 0
========================================================================
Received Import Request.
  Time since last request: 10.862168 seconds.
  path: Assets/Scripts/Segment.cs
  artifactKey: Guid(80c16a9c144f119418ec957a1f79d207) Importer(815301076,1909f56bfc062723c751e8b465ee728b)
Start importing Assets/Scripts/Segment.cs using Guid(80c16a9c144f119418ec957a1f79d207) Importer(815301076,1909f56bfc062723c751e8b465ee728b)  -> (artifact id: '4cc0ad18c107100d5e196d503b4c82b9') in 0.000482 seconds
Number of updated asset objects reloaded before import = 0
Number of asset objects unloaded after import = 0
========================================================================
Received Import Request.
  Time since last request: 863.322731 seconds.
  path: Assets/Scripts/Segment.cs
  artifactKey: Guid(80c16a9c144f119418ec957a1f79d207) Importer(815301076,1909f56bfc062723c751e8b465ee728b)
Start importing Assets/Scripts/Segment.cs using Guid(80c16a9c144f119418ec957a1f79d207) Importer(815301076,1909f56bfc062723c751e8b465ee728b)  -> (artifact id: '28ab6c19873ee03426afc56af04c47b5') in 0.000822 seconds
Number of updated asset objects reloaded before import = 0
Number of asset objects unloaded after import = 0
========================================================================
Received Import Request.
  Time since last request: 7.818544 seconds.
  path: Assets/Scripts/Segment.cs
  artifactKey: Guid(80c16a9c144f119418ec957a1f79d207) Importer(815301076,1909f56bfc062723c751e8b465ee728b)
Start importing Assets/Scripts/Segment.cs using Guid(80c16a9c144f119418ec957a1f79d207) Importer(815301076,1909f56bfc062723c751e8b465ee728b)  -> (artifact id: 'c76b34aa9997a378e2f9d8358a4d8129') in 0.000494 seconds
Number of updated asset objects reloaded before import = 0
Number of asset objects unloaded after import = 0
========================================================================
Received Import Request.
  Time since last request: 16.808197 seconds.
  path: Assets/Scripts/Segment.cs
  artifactKey: Guid(80c16a9c144f119418ec957a1f79d207) Importer(815301076,1909f56bfc062723c751e8b465ee728b)
Start importing Assets/Scripts/Segment.cs using Guid(80c16a9c144f119418ec957a1f79d207) Importer(815301076,1909f56bfc062723c751e8b465ee728b)  -> (artifact id: 'e02c23e9ca56e29df8bef3ee0ba6503a') in 0.000517 seconds
Number of updated asset objects reloaded before import = 0
Number of asset objects unloaded after import = 0
========================================================================
Received Import Request.
  Time since last request: 32.555093 seconds.
  path: Assets/Scripts/Segment.cs
  artifactKey: Guid(80c16a9c144f119418ec957a1f79d207) Importer(815301076,1909f56bfc062723c751e8b465ee728b)
Start importing Assets/Scripts/Segment.cs using Guid(80c16a9c144f119418ec957a1f79d207) Importer(815301076,1909f56bfc062723c751e8b465ee728b)  -> (artifact id: '6588b44f4583b1fa7db702b690d4b309') in 0.000495 seconds
Number of updated asset objects reloaded before import = 0
Number of asset objects unloaded after import = 0
========================================================================
Received Import Request.
  Time since last request: 8.379832 seconds.
  path: Assets/Scripts/Segment.cs
  artifactKey: Guid(80c16a9c144f119418ec957a1f79d207) Importer(815301076,1909f56bfc062723c751e8b465ee728b)
Start importing Assets/Scripts/Segment.cs using Guid(80c16a9c144f119418ec957a1f79d207) Importer(815301076,1909f56bfc062723c751e8b465ee728b)  -> (artifact id: 'f2fc654073004c9ad10578f31233f85f') in 0.000449 seconds
Number of updated asset objects reloaded before import = 0
Number of asset objects unloaded after import = 0
========================================================================
Received Import Request.
  Time since last request: 22.039750 seconds.
  path: Assets/Scripts/Segment.cs
  artifactKey: Guid(80c16a9c144f119418ec957a1f79d207) Importer(815301076,1909f56bfc062723c751e8b465ee728b)
Start importing Assets/Scripts/Segment.cs using Guid(80c16a9c144f119418ec957a1f79d207) Importer(815301076,1909f56bfc062723c751e8b465ee728b)  -> (artifact id: 'b3b9387c1c1b891068c236f533aa4c59') in 0.000431 seconds
Number of updated asset objects reloaded before import = 0
Number of asset objects unloaded after import = 0
========================================================================
Received Import Request.
  Time since last request: 6.596955 seconds.
  path: Assets/Scripts/Segment.cs
  artifactKey: Guid(80c16a9c144f119418ec957a1f79d207) Importer(815301076,1909f56bfc062723c751e8b465ee728b)
Start importing Assets/Scripts/Segment.cs using Guid(80c16a9c144f119418ec957a1f79d207) Importer(815301076,1909f56bfc062723c751e8b465ee728b)  -> (artifact id: '14dc09fd87a3c04d088060f89dee5e60') in 0.000517 seconds
Number of updated asset objects reloaded before import = 0
Number of asset objects unloaded after import = 0
========================================================================
Received Import Request.
  Time since last request: 4.724471 seconds.
  path: Assets/Scripts/Segment.cs
  artifactKey: Guid(80c16a9c144f119418ec957a1f79d207) Importer(815301076,1909f56bfc062723c751e8b465ee728b)
Start importing Assets/Scripts/Segment.cs using Guid(80c16a9c144f119418ec957a1f79d207) Importer(815301076,1909f56bfc062723c751e8b465ee728b)  -> (artifact id: '54198b22318ff270703b523660aaa909') in 0.000466 seconds
Number of updated asset objects reloaded before import = 0
Number of asset objects unloaded after import = 0
========================================================================
Received Prepare
Begin MonoManager ReloadAssembly
Symbol file LoadedFromMemory doesn't match image C:\Users\megaz\Documents\MyFirstGameJamSummer2023\Library\PackageCache\com.unity.visualscripting@1.8.0\Editor\VisualScripting.Core\Dependencies\YamlDotNet\Unity.VisualScripting.YamlDotNet.dll
Symbol file LoadedFromMemory doesn't match image C:\Users\megaz\Documents\MyFirstGameJamSummer2023\Library\PackageCache\com.unity.visualscripting@1.8.0\Editor\VisualScripting.Core\Dependencies\DotNetZip\Unity.VisualScripting.IonicZip.dll
- Loaded All Assemblies, in  0.596 seconds
Refreshing native plugins compatible for Editor in 4.17 ms, found 4 plugins.
Native extension for WindowsStandalone target not found
Native extension for Android target not found
Native extension for WebGL target not found
Mono: successfully reloaded assembly
- Finished resetting the current domain, in  0.923 seconds
Domain Reload Profiling: 1516ms
	BeginReloadAssembly (139ms)
		ExecutionOrderSort (0ms)
		DisableScriptedObjects (10ms)
		BackupInstance (0ms)
		ReleaseScriptingObjects (0ms)
		CreateAndSetChildDomain (38ms)
	RebuildCommonClasses (24ms)
	RebuildNativeTypeToScriptingClass (10ms)
	initialDomainReloadingComplete (26ms)
	LoadAllAssembliesAndSetupDomain (394ms)
		LoadAssemblies (229ms)
		RebuildTransferFunctionScriptingTraits (0ms)
		AnalyzeDomain (218ms)
			TypeCache.Refresh (205ms)
				TypeCache.ScanAssembly (195ms)
			ScanForSourceGeneratedMonoScriptInfo (4ms)
			ResolveRequiredComponents (9ms)
	FinalizeReload (923ms)
		ReleaseScriptCaches (0ms)
		RebuildScriptCaches (0ms)
		SetupLoadedEditorAssemblies (350ms)
			LogAssemblyErrors (0ms)
			InitializePlatformSupportModulesInManaged (29ms)
			SetLoadedEditorAssemblies (5ms)
			RefreshPlugins (0ms)
			BeforeProcessingInitializeOnLoad (72ms)
			ProcessInitializeOnLoadAttributes (178ms)
			ProcessInitializeOnLoadMethodAttributes (61ms)
			AfterProcessingInitializeOnLoad (5ms)
			EditorAssembliesLoaded (0ms)
		ExecutionOrderSort2 (0ms)
		AwakeInstancesAfterBackupRestoration (12ms)
Refreshing native plugins compatible for Editor in 4.01 ms, found 4 plugins.
Preloading 0 native plugins for Editor in 0.00 ms.
Unloading 5496 Unused Serialized files (Serialized files now loaded: 0)
Unloading 53 unused Assets / (505.4 KB). Loaded Objects now: 6135.
Memory consumption went from 195.9 MB to 195.4 MB.
Total: 2.718600 ms (FindLiveObjects: 0.300400 ms CreateObjectMapping: 0.179500 ms MarkObjects: 2.048800 ms  DeleteObjects: 0.189300 ms)

Prepare: number of updated asset objects reloaded= 0
AssetImportParameters requested are different than current active one (requested -> active):
  custom:container-demuxer-ogg: 62fdf1f143b41e24485cea50d1cbac27 -> 
  custom:video-codec-MediaFoundation-h265: e54d7ab0439102e2317fc1e4b246158d -> 
  custom:video-decoder-ogg-theora: a1e56fd34408186e4bbccfd4996cb3dc -> 
  custom:framework-win-MediaFoundation: 216162199b28c13a410421893ffa2e32 -> 
  custom:CustomObjectIndexerAttribute: a3ef5dd2817f97addfee359851a9dba5 -> 
  custom:container-demuxer-webm: 4f35f7cbe854078d1ac9338744f61a02 -> 
  custom:container-muxer-webm: aa71ff27fc2769a1b78a27578f13a17b -> 
  custom:video-decoder-webm-vp8: 9c59270c3fd7afecdb556c50c9e8de78 -> 
  custom:AudioImporter_EditorPlatform: d09bf68614088b80899f8185d706f6e7 -> 
  custom:video-encoder-webm-vp8: eb34c28f22e8b96e1ab97ce403110664 -> 
  custom:audio-decoder-ogg-vorbis: bf7c407c2cedff20999df2af8eb42d56 -> 
  custom:audio-encoder-webm-vorbis: bf7c407c2cedff20999df2af8eb42d56 -> 
========================================================================
Received Import Request.
  Time since last request: 161.418252 seconds.
  path: Assets/Sprites/UI/Numbers/1.png
  artifactKey: Guid(3c7e6d212ff348b41a1cbcc4d5180aef) Importer(815301076,1909f56bfc062723c751e8b465ee728b)
Start importing Assets/Sprites/UI/Numbers/1.png using Guid(3c7e6d212ff348b41a1cbcc4d5180aef) Importer(815301076,1909f56bfc062723c751e8b465ee728b)  -> (artifact id: 'cd3ff464e6d0e046e45a9a2f48f7ed99') in 0.015598 seconds
Number of updated asset objects reloaded before import = 0
Number of asset objects unloaded after import = 2
========================================================================
Received Import Request.
  Time since last request: 0.000013 seconds.
  path: Assets/Sprites/UI/Numbers/4.png
  artifactKey: Guid(5496c4397d1c6194aab69d4e175e76cb) Importer(815301076,1909f56bfc062723c751e8b465ee728b)
Start importing Assets/Sprites/UI/Numbers/4.png using Guid(5496c4397d1c6194aab69d4e175e76cb) Importer(815301076,1909f56bfc062723c751e8b465ee728b)  -> (artifact id: 'e25ae04bbeeafc425f63487e8748f91e') in 0.001249 seconds
Number of updated asset objects reloaded before import = 0
Number of asset objects unloaded after import = 2
========================================================================
Received Import Request.
  Time since last request: 0.000012 seconds.
  path: Assets/Sprites/UI/Numbers/5.png
  artifactKey: Guid(04f966d5dbe95c34c9ec1e1e4715770c) Importer(815301076,1909f56bfc062723c751e8b465ee728b)
Start importing Assets/Sprites/UI/Numbers/5.png using Guid(04f966d5dbe95c34c9ec1e1e4715770c) Importer(815301076,1909f56bfc062723c751e8b465ee728b)  -> (artifact id: 'bc9602840e8aa95a22baa19197bde7ee') in 0.001381 seconds
Number of updated asset objects reloaded before import = 0
Number of asset objects unloaded after import = 2
========================================================================
Received Import Request.
  Time since last request: 0.000012 seconds.
  path: Assets/Sprites/UI/Numbers/6.png
  artifactKey: Guid(f8e17cae93082bf41879214e95fadb80) Importer(815301076,1909f56bfc062723c751e8b465ee728b)
Start importing Assets/Sprites/UI/Numbers/6.png using Guid(f8e17cae93082bf41879214e95fadb80) Importer(815301076,1909f56bfc062723c751e8b465ee728b)  -> (artifact id: '6ffd796a67fae135b54b7201c645bebd') in 0.001549 seconds
Number of updated asset objects reloaded before import = 0
Number of asset objects unloaded after import = 2
========================================================================
Received Import Request.
  Time since last request: 0.004267 seconds.
  path: Assets/Sprites/UI/bnnr_red.png
  artifactKey: Guid(8142612038dd8e744b4ba14a937be4f2) Importer(815301076,1909f56bfc062723c751e8b465ee728b)
Start importing Assets/Sprites/UI/bnnr_red.png using Guid(8142612038dd8e744b4ba14a937be4f2) Importer(815301076,1909f56bfc062723c751e8b465ee728b)  -> (artifact id: '71fd1703f6c84a2483ad4e05dec67a64') in 0.009829 seconds
Number of updated asset objects reloaded before import = 0
Number of asset objects unloaded after import = 2
========================================================================
Received Import Request.
  Time since last request: 0.009444 seconds.
  path: Assets/Sprites/UI/btn_back_hover.png
  artifactKey: Guid(cd83928422b58044ca1082ce18816eab) Importer(815301076,1909f56bfc062723c751e8b465ee728b)
Start importing Assets/Sprites/UI/btn_back_hover.png using Guid(cd83928422b58044ca1082ce18816eab) Importer(815301076,1909f56bfc062723c751e8b465ee728b)  -> (artifact id: 'f02a8c6e36471e2f06c135adb5314783') in 0.001716 seconds
Number of updated asset objects reloaded before import = 0
Number of asset objects unloaded after import = 2
========================================================================
Received Import Request.
  Time since last request: 0.000012 seconds.
  path: Assets/Sprites/UI/btn_back_selected.png
  artifactKey: Guid(90e94209bcd114740911cd5e74d12ab4) Importer(815301076,1909f56bfc062723c751e8b465ee728b)
Start importing Assets/Sprites/UI/btn_back_selected.png using Guid(90e94209bcd114740911cd5e74d12ab4) Importer(815301076,1909f56bfc062723c751e8b465ee728b)  -> (artifact id: '3522908e297b66b08cccf4bdb4e3b679') in 0.001381 seconds
Number of updated asset objects reloaded before import = 0
Number of asset objects unloaded after import = 2
========================================================================
Received Import Request.
  Time since last request: 0.014339 seconds.
  path: Assets/Sprites/UI/btn_no_hover.png
  artifactKey: Guid(15df2efc2582c8b43837f879baa644d8) Importer(815301076,1909f56bfc062723c751e8b465ee728b)
Start importing Assets/Sprites/UI/btn_no_hover.png using Guid(15df2efc2582c8b43837f879baa644d8) Importer(815301076,1909f56bfc062723c751e8b465ee728b)  -> (artifact id: '6430ea29e0a15442af659bac75840924') in 0.002571 seconds
Number of updated asset objects reloaded before import = 0
Number of asset objects unloaded after import = 2
========================================================================
Received Import Request.
  Time since last request: 0.000128 seconds.
  path: Assets/Sprites/UI/btn_no_selected.png
  artifactKey: Guid(f577d76793e1ac446b7621682d928756) Importer(815301076,1909f56bfc062723c751e8b465ee728b)
Start importing Assets/Sprites/UI/btn_no_selected.png using Guid(f577d76793e1ac446b7621682d928756) Importer(815301076,1909f56bfc062723c751e8b465ee728b)  -> (artifact id: 'e2c8ba37db01076ef32cad921731d405') in 0.001151 seconds
Number of updated asset objects reloaded before import = 0
Number of asset objects unloaded after import = 2
Editor requested this worker to shutdown with reason: Scaling down because of idle timeout
TcpMessagingSession - receive error: operation aborted. errorcode: 995, details: The I/O operation has been aborted because of either a thread exit or an application request.
AssetImportWorker is now disconnected from the server
Process exiting
Exiting without the bug reporter. Application will terminate with return code 0